# JRE version: Java(TM) SE Runtime Environment (8.0_102-b14) (build 1.8.0_102-b14)
# Java VM: Java HotSpot(TM) 64-Bit Server VM (25.102-b14 mixed mode bsd-amd64 compressed oops)
Heap:
 PSYoungGen      total 229376K, used 158243K [0x000000076ab00000, 0x000000078af80000, 0x00000007c0000000)
  eden space 218624K, 67% used [0x000000076ab00000,0x0000000773b10e98,0x0000000778080000)
  from space 10752K, 99% used [0x000000077ab00000,0x000000077b578030,0x000000077b580000)
  to   space 155136K, 0% used [0x0000000781800000,0x0000000781800000,0x000000078af80000)
 ParOldGen       total 581632K, used 299596K [0x00000006c0000000, 0x00000006e3800000, 0x000000076ab00000)
  object space 581632K, 51% used [0x00000006c0000000,0x00000006d2493128,0x00000006e3800000)
 Metaspace       used 15413K, capacity 15560K, committed 15872K, reserved 1062912K
  class space    used 1718K, capacity 1762K, committed 1792K, reserved 1048576K
GC Heap History (10 events):
Event: 3.808 GC heap before
{Heap before GC invocations=3 (full 0):
 PSYoungGen      total 141824K, used 141819K [0x000000076ab00000, 0x0000000774000000, 0x00000007c0000000)
  eden space 131072K, 100% used [0x000000076ab00000,0x0000000772b00000,0x0000000772b00000)
  from space 10752K, 99% used [0x0000000773580000,0x0000000773ffedb0,0x0000000774000000)
  to   space 10752K, 0% used [0x0000000772b00000,0x0000000772b00000,0x0000000773580000)
 ParOldGen       total 175104K, used 10781K [0x00000006c0000000, 0x00000006cab00000, 0x000000076ab00000)
  object space 175104K, 6% used [0x00000006c0000000,0x00000006c0a875d0,0x00000006cab00000)
 Metaspace       used 14658K, capacity 14814K, committed 15104K, reserved 1062912K
  class space    used 1621K, capacity 1691K, committed 1792K, reserved 1048576K
Event: 3.935 GC heap after
Heap after GC invocations=3 (full 0):
 PSYoungGen      total 141824K, used 10734K [0x000000076ab00000, 0x000000077c000000, 0x00000007c0000000)
  eden space 131072K, 0% used [0x000000076ab00000,0x000000076ab00000,0x0000000772b00000)
  from space 10752K, 99% used [0x0000000772b00000,0x000000077357b940,0x0000000773580000)
  to   space 10752K, 0% used [0x000000077b580000,0x000000077b580000,0x000000077c000000)
 ParOldGen       total 175104K, used 109261K [0x00000006c0000000, 0x00000006cab00000, 0x000000076ab00000)
  object space 175104K, 62% used [0x00000006c0000000,0x00000006c6ab37e8,0x00000006cab00000)
 Metaspace       used 14658K, capacity 14814K, committed 15104K, reserved 1062912K
  class space    used 1621K, capacity 1691K, committed 1792K, reserved 1048576K
}
Event: 3.935 GC heap before
{Heap before GC invocations=4 (full 1):
 PSYoungGen      total 141824K, used 10734K [0x000000076ab00000, 0x000000077c000000, 0x00000007c0000000)
  eden space 131072K, 0% used [0x000000076ab00000,0x000000076ab00000,0x0000000772b00000)
  from space 10752K, 99% used [0x0000000772b00000,0x000000077357b940,0x0000000773580000)
  to   space 10752K, 0% used [0x000000077b580000,0x000000077b580000,0x000000077c000000)
 ParOldGen       total 175104K, used 109261K [0x00000006c0000000, 0x00000006cab00000, 0x000000076ab00000)
  object space 175104K, 62% used [0x00000006c0000000,0x00000006c6ab37e8,0x00000006cab00000)
 Metaspace       used 14658K, capacity 14814K, committed 15104K, reserved 1062912K
  class space    used 1621K, capacity 1691K, committed 1792K, reserved 1048576K
Event: 4.340 GC heap after
Heap after GC invocations=4 (full 1):
 PSYoungGen      total 141824K, used 0K [0x000000076ab00000, 0x000000077c000000, 0x00000007c0000000)
  eden space 131072K, 0% used [0x000000076ab00000,0x000000076ab00000,0x0000000772b00000)
  from space 10752K, 0% used [0x0000000772b00000,0x0000000772b00000,0x0000000773580000)
  to   space 10752K, 0% used [0x000000077b580000,0x000000077b580000,0x000000077c000000)
 ParOldGen       total 319488K, used 111858K [0x00000006c0000000, 0x00000006d3800000, 0x000000076ab00000)
  object space 319488K, 35% used [0x00000006c0000000,0x00000006c6d3ca88,0x00000006d3800000)
 Metaspace       used 14658K, capacity 14814K, committed 15104K, reserved 1062912K
  class space    used 1621K, capacity 1691K, committed 1792K, reserved 1048576K
}
Event: 4.553 GC heap before
{Heap before GC invocations=5 (full 1):
 PSYoungGen      total 141824K, used 131072K [0x000000076ab00000, 0x000000077c000000, 0x00000007c0000000)
  eden space 131072K, 100% used [0x000000076ab00000,0x0000000772b00000,0x0000000772b00000)
  from space 10752K, 0% used [0x0000000772b00000,0x0000000772b00000,0x0000000773580000)
  to   space 10752K, 0% used [0x000000077b580000,0x000000077b580000,0x000000077c000000)
 ParOldGen       total 319488K, used 111858K [0x00000006c0000000, 0x00000006d3800000, 0x000000076ab00000)
  object space 319488K, 35% used [0x00000006c0000000,0x00000006c6d3ca88,0x00000006d3800000)
 Metaspace       used 14658K, capacity 14814K, committed 15104K, reserved 1062912K
  class space    used 1621K, capacity 1691K, committed 1792K, reserved 1048576K
Event: 4.682 GC heap after
Heap after GC invocations=5 (full 1):
 PSYoungGen      total 201216K, used 10752K [0x000000076ab00000, 0x000000077c000000, 0x00000007c0000000)
  eden space 190464K, 0% used [0x000000076ab00000,0x000000076ab00000,0x0000000776500000)
  from space 10752K, 100% used [0x000000077b580000,0x000000077c000000,0x000000077c000000)
  to   space 10752K, 0% used [0x000000077ab00000,0x000000077ab00000,0x000000077b580000)
 ParOldGen       total 319488K, used 233979K [0x00000006c0000000, 0x00000006d3800000, 0x000000076ab00000)
  object space 319488K, 73% used [0x00000006c0000000,0x00000006ce47efa8,0x00000006d3800000)
 Metaspace       used 14658K, capacity 14814K, committed 15104K, reserved 1062912K
  class space    used 1621K, capacity 1691K, committed 1792K, reserved 1048576K
}
Event: 4.682 GC heap before
{Heap before GC invocations=6 (full 2):
 PSYoungGen      total 201216K, used 10752K [0x000000076ab00000, 0x000000077c000000, 0x00000007c0000000)
  eden space 190464K, 0% used [0x000000076ab00000,0x000000076ab00000,0x0000000776500000)
  from space 10752K, 100% used [0x000000077b580000,0x000000077c000000,0x000000077c000000)
  to   space 10752K, 0% used [0x000000077ab00000,0x000000077ab00000,0x000000077b580000)
 ParOldGen       total 319488K, used 233979K [0x00000006c0000000, 0x00000006d3800000, 0x000000076ab00000)
  object space 319488K, 73% used [0x00000006c0000000,0x00000006ce47efa8,0x00000006d3800000)
 Metaspace       used 14658K, capacity 14814K, committed 15104K, reserved 1062912K
  class space    used 1621K, capacity 1691K, committed 1792K, reserved 1048576K
Event: 5.641 GC heap after
Heap after GC invocations=6 (full 2):
 PSYoungGen      total 201216K, used 0K [0x000000076ab00000, 0x000000077c000000, 0x00000007c0000000)
  eden space 190464K, 0% used [0x000000076ab00000,0x000000076ab00000,0x0000000776500000)
  from space 10752K, 0% used [0x000000077b580000,0x000000077b580000,0x000000077c000000)
  to   space 10752K, 0% used [0x000000077ab00000,0x000000077ab00000,0x000000077b580000)
 ParOldGen       total 581632K, used 226642K [0x00000006c0000000, 0x00000006e3800000, 0x000000076ab00000)
  object space 581632K, 38% used [0x00000006c0000000,0x00000006cdd549a8,0x00000006e3800000)
 Metaspace       used 14658K, capacity 14814K, committed 15104K, reserved 1062912K
  class space    used 1621K, capacity 1691K, committed 1792K, reserved 1048576K
}
Event: 6.847 GC heap before
{Heap before GC invocations=7 (full 2):
 PSYoungGen      total 201216K, used 190464K [0x000000076ab00000, 0x000000077c000000, 0x00000007c0000000)
  eden space 190464K, 100% used [0x000000076ab00000,0x0000000776500000,0x0000000776500000)
  from space 10752K, 0% used [0x000000077b580000,0x000000077b580000,0x000000077c000000)
  to   space 10752K, 0% used [0x000000077ab00000,0x000000077ab00000,0x000000077b580000)
 ParOldGen       total 581632K, used 226642K [0x00000006c0000000, 0x00000006e3800000, 0x000000076ab00000)
  object space 581632K, 38% used [0x00000006c0000000,0x00000006cdd549a8,0x00000006e3800000)
 Metaspace       used 14773K, capacity 14884K, committed 15104K, reserved 1062912K
  class space    used 1637K, capacity 1692K, committed 1792K, reserved 1048576K
Event: 6.974 GC heap after
Heap after GC invocations=7 (full 2):
 PSYoungGen      total 229376K, used 10720K [0x000000076ab00000, 0x000000078af80000, 0x00000007c0000000)
  eden space 218624K, 0% used [0x000000076ab00000,0x000000076ab00000,0x0000000778080000)
  from space 10752K, 99% used [0x000000077ab00000,0x000000077b578030,0x000000077b580000)
  to   space 155136K, 0% used [0x0000000781800000,0x0000000781800000,0x000000078af80000)
 ParOldGen       total 581632K, used 299596K [0x00000006c0000000, 0x00000006e3800000, 0x000000076ab00000)
  object space 581632K, 51% used [0x00000006c0000000,0x00000006d2493128,0x00000006e3800000)
 Metaspace       used 14773K, capacity 14884K, committed 15104K, reserved 1062912K
  class space    used 1637K, capacity 1692K, committed 1792K, reserved 1048576K
}

