# JRE version: Java(TM) SE Runtime Environment (8.0_102-b14) (build 1.8.0_102-b14)
# Java VM: Java HotSpot(TM) 64-Bit Server VM (25.102-b14 mixed mode bsd-amd64 compressed oops)
Heap:
 PSYoungGen      total 236544K, used 159827K [0x000000076ab00000, 0x000000078b880000, 0x00000007c0000000)
  eden space 225792K, 66% used [0x000000076ab00000,0x0000000773c94d20,0x0000000778780000)
  from space 10752K, 100% used [0x000000077ab00000,0x000000077b580000,0x000000077b580000)
  to   space 156160K, 0% used [0x0000000782000000,0x0000000782000000,0x000000078b880000)
 ParOldGen       total 579584K, used 299882K [0x00000006c0000000, 0x00000006e3600000, 0x000000076ab00000)
  object space 579584K, 51% used [0x00000006c0000000,0x00000006d24da990,0x00000006e3600000)
 Metaspace       used 15418K, capacity 15560K, committed 15872K, reserved 1062912K
  class space    used 1718K, capacity 1762K, committed 1792K, reserved 1048576K
GC Heap History (10 events):
Event: 3.816 GC heap before
{Heap before GC invocations=3 (full 0):
 PSYoungGen      total 141824K, used 141797K [0x000000076ab00000, 0x0000000774000000, 0x00000007c0000000)
  eden space 131072K, 100% used [0x000000076ab00000,0x0000000772b00000,0x0000000772b00000)
  from space 10752K, 99% used [0x0000000773580000,0x0000000773ff96c8,0x0000000774000000)
  to   space 10752K, 0% used [0x0000000772b00000,0x0000000772b00000,0x0000000773580000)
 ParOldGen       total 175104K, used 10863K [0x00000006c0000000, 0x00000006cab00000, 0x000000076ab00000)
  object space 175104K, 6% used [0x00000006c0000000,0x00000006c0a9be58,0x00000006cab00000)
 Metaspace       used 14665K, capacity 14814K, committed 15104K, reserved 1062912K
  class space    used 1621K, capacity 1691K, committed 1792K, reserved 1048576K
Event: 3.920 GC heap after
Heap after GC invocations=3 (full 0):
 PSYoungGen      total 141824K, used 10728K [0x000000076ab00000, 0x000000077c000000, 0x00000007c0000000)
  eden space 131072K, 0% used [0x000000076ab00000,0x000000076ab00000,0x0000000772b00000)
  from space 10752K, 99% used [0x0000000772b00000,0x000000077357a258,0x0000000773580000)
  to   space 10752K, 0% used [0x000000077b580000,0x000000077b580000,0x000000077c000000)
 ParOldGen       total 175104K, used 107528K [0x00000006c0000000, 0x00000006cab00000, 0x000000076ab00000)
  object space 175104K, 61% used [0x00000006c0000000,0x00000006c6902198,0x00000006cab00000)
 Metaspace       used 14665K, capacity 14814K, committed 15104K, reserved 1062912K
  class space    used 1621K, capacity 1691K, committed 1792K, reserved 1048576K
}
Event: 3.920 GC heap before
{Heap before GC invocations=4 (full 1):
 PSYoungGen      total 141824K, used 10728K [0x000000076ab00000, 0x000000077c000000, 0x00000007c0000000)
  eden space 131072K, 0% used [0x000000076ab00000,0x000000076ab00000,0x0000000772b00000)
  from space 10752K, 99% used [0x0000000772b00000,0x000000077357a258,0x0000000773580000)
  to   space 10752K, 0% used [0x000000077b580000,0x000000077b580000,0x000000077c000000)
 ParOldGen       total 175104K, used 107528K [0x00000006c0000000, 0x00000006cab00000, 0x000000076ab00000)
  object space 175104K, 61% used [0x00000006c0000000,0x00000006c6902198,0x00000006cab00000)
 Metaspace       used 14665K, capacity 14814K, committed 15104K, reserved 1062912K
  class space    used 1621K, capacity 1691K, committed 1792K, reserved 1048576K
Event: 4.290 GC heap after
Heap after GC invocations=4 (full 1):
 PSYoungGen      total 141824K, used 0K [0x000000076ab00000, 0x000000077c000000, 0x00000007c0000000)
  eden space 131072K, 0% used [0x000000076ab00000,0x000000076ab00000,0x0000000772b00000)
  from space 10752K, 0% used [0x0000000772b00000,0x0000000772b00000,0x0000000773580000)
  to   space 10752K, 0% used [0x000000077b580000,0x000000077b580000,0x000000077c000000)
 ParOldGen       total 316928K, used 110144K [0x00000006c0000000, 0x00000006d3580000, 0x000000076ab00000)
  object space 316928K, 34% used [0x00000006c0000000,0x00000006c6b900f8,0x00000006d3580000)
 Metaspace       used 14665K, capacity 14814K, committed 15104K, reserved 1062912K
  class space    used 1621K, capacity 1691K, committed 1792K, reserved 1048576K
}
Event: 4.451 GC heap before
{Heap before GC invocations=5 (full 1):
 PSYoungGen      total 141824K, used 131072K [0x000000076ab00000, 0x000000077c000000, 0x00000007c0000000)
  eden space 131072K, 100% used [0x000000076ab00000,0x0000000772b00000,0x0000000772b00000)
  from space 10752K, 0% used [0x0000000772b00000,0x0000000772b00000,0x0000000773580000)
  to   space 10752K, 0% used [0x000000077b580000,0x000000077b580000,0x000000077c000000)
 ParOldGen       total 316928K, used 110144K [0x00000006c0000000, 0x00000006d3580000, 0x000000076ab00000)
  object space 316928K, 34% used [0x00000006c0000000,0x00000006c6b900f8,0x00000006d3580000)
 Metaspace       used 14665K, capacity 14814K, committed 15104K, reserved 1062912K
  class space    used 1621K, capacity 1691K, committed 1792K, reserved 1048576K
Event: 4.583 GC heap after
Heap after GC invocations=5 (full 1):
 PSYoungGen      total 205312K, used 10752K [0x000000076ab00000, 0x000000077c000000, 0x00000007c0000000)
  eden space 194560K, 0% used [0x000000076ab00000,0x000000076ab00000,0x0000000776900000)
  from space 10752K, 100% used [0x000000077b580000,0x000000077c000000,0x000000077c000000)
  to   space 10752K, 0% used [0x000000077ab00000,0x000000077ab00000,0x000000077b580000)
 ParOldGen       total 316928K, used 233225K [0x00000006c0000000, 0x00000006d3580000, 0x000000076ab00000)
  object space 316928K, 73% used [0x00000006c0000000,0x00000006ce3c2708,0x00000006d3580000)
 Metaspace       used 14665K, capacity 14814K, committed 15104K, reserved 1062912K
  class space    used 1621K, capacity 1691K, committed 1792K, reserved 1048576K
}
Event: 4.583 GC heap before
{Heap before GC invocations=6 (full 2):
 PSYoungGen      total 205312K, used 10752K [0x000000076ab00000, 0x000000077c000000, 0x00000007c0000000)
  eden space 194560K, 0% used [0x000000076ab00000,0x000000076ab00000,0x0000000776900000)
  from space 10752K, 100% used [0x000000077b580000,0x000000077c000000,0x000000077c000000)
  to   space 10752K, 0% used [0x000000077ab00000,0x000000077ab00000,0x000000077b580000)
 ParOldGen       total 316928K, used 233225K [0x00000006c0000000, 0x00000006d3580000, 0x000000076ab00000)
  object space 316928K, 73% used [0x00000006c0000000,0x00000006ce3c2708,0x00000006d3580000)
 Metaspace       used 14665K, capacity 14814K, committed 15104K, reserved 1062912K
  class space    used 1621K, capacity 1691K, committed 1792K, reserved 1048576K
Event: 5.307 GC heap after
Heap after GC invocations=6 (full 2):
 PSYoungGen      total 205312K, used 0K [0x000000076ab00000, 0x000000077c000000, 0x00000007c0000000)
  eden space 194560K, 0% used [0x000000076ab00000,0x000000076ab00000,0x0000000776900000)
  from space 10752K, 0% used [0x000000077b580000,0x000000077b580000,0x000000077c000000)
  to   space 10752K, 0% used [0x000000077ab00000,0x000000077ab00000,0x000000077b580000)
 ParOldGen       total 579584K, used 224928K [0x00000006c0000000, 0x00000006e3600000, 0x000000076ab00000)
  object space 579584K, 38% used [0x00000006c0000000,0x00000006cdba81d0,0x00000006e3600000)
 Metaspace       used 14665K, capacity 14814K, committed 15104K, reserved 1062912K
  class space    used 1621K, capacity 1691K, committed 1792K, reserved 1048576K
}
Event: 6.522 GC heap before
{Heap before GC invocations=7 (full 2):
 PSYoungGen      total 205312K, used 194560K [0x000000076ab00000, 0x000000077c000000, 0x00000007c0000000)
  eden space 194560K, 100% used [0x000000076ab00000,0x0000000776900000,0x0000000776900000)
  from space 10752K, 0% used [0x000000077b580000,0x000000077b580000,0x000000077c000000)
  to   space 10752K, 0% used [0x000000077ab00000,0x000000077ab00000,0x000000077b580000)
 ParOldGen       total 579584K, used 224928K [0x00000006c0000000, 0x00000006e3600000, 0x000000076ab00000)
  object space 579584K, 38% used [0x00000006c0000000,0x00000006cdba81d0,0x00000006e3600000)
 Metaspace       used 14782K, capacity 14948K, committed 15360K, reserved 1062912K
  class space    used 1637K, capacity 1692K, committed 1792K, reserved 1048576K
Event: 6.643 GC heap after
Heap after GC invocations=7 (full 2):
 PSYoungGen      total 236544K, used 10752K [0x000000076ab00000, 0x000000078b880000, 0x00000007c0000000)
  eden space 225792K, 0% used [0x000000076ab00000,0x000000076ab00000,0x0000000778780000)
  from space 10752K, 100% used [0x000000077ab00000,0x000000077b580000,0x000000077b580000)
  to   space 156160K, 0% used [0x0000000782000000,0x0000000782000000,0x000000078b880000)
 ParOldGen       total 579584K, used 299882K [0x00000006c0000000, 0x00000006e3600000, 0x000000076ab00000)
  object space 579584K, 51% used [0x00000006c0000000,0x00000006d24da990,0x00000006e3600000)
 Metaspace       used 14782K, capacity 14948K, committed 15360K, reserved 1062912K
  class space    used 1637K, capacity 1692K, committed 1792K, reserved 1048576K
}

