# JRE version: Java(TM) SE Runtime Environment (8.0_102-b14) (build 1.8.0_102-b14)
# Java VM: Java HotSpot(TM) 64-Bit Server VM (25.102-b14 mixed mode bsd-amd64 compressed oops)
Heap:
 PSYoungGen      total 233984K, used 166443K [0x000000076ab00000, 0x000000078b200000, 0x00000007c0000000)
  eden space 223232K, 69% used [0x000000076ab00000,0x0000000774312f90,0x0000000778500000)
  from space 10752K, 99% used [0x000000077ab00000,0x000000077b578010,0x000000077b580000)
  to   space 154112K, 0% used [0x0000000781b80000,0x0000000781b80000,0x000000078b200000)
 ParOldGen       total 573952K, used 298278K [0x00000006c0000000, 0x00000006e3080000, 0x000000076ab00000)
  object space 573952K, 51% used [0x00000006c0000000,0x00000006d2349978,0x00000006e3080000)
 Metaspace       used 15419K, capacity 15560K, committed 15872K, reserved 1062912K
  class space    used 1718K, capacity 1762K, committed 1792K, reserved 1048576K
GC Heap History (10 events):
Event: 4.062 GC heap before
{Heap before GC invocations=3 (full 0):
 PSYoungGen      total 141824K, used 141797K [0x000000076ab00000, 0x0000000774000000, 0x00000007c0000000)
  eden space 131072K, 100% used [0x000000076ab00000,0x0000000772b00000,0x0000000772b00000)
  from space 10752K, 99% used [0x0000000773580000,0x0000000773ff9758,0x0000000774000000)
  to   space 10752K, 0% used [0x0000000772b00000,0x0000000772b00000,0x0000000773580000)
 ParOldGen       total 175104K, used 10811K [0x00000006c0000000, 0x00000006cab00000, 0x000000076ab00000)
  object space 175104K, 6% used [0x00000006c0000000,0x00000006c0a8ee40,0x00000006cab00000)
 Metaspace       used 14671K, capacity 14814K, committed 15104K, reserved 1062912K
  class space    used 1621K, capacity 1691K, committed 1792K, reserved 1048576K
Event: 4.197 GC heap after
Heap after GC invocations=3 (full 0):
 PSYoungGen      total 141824K, used 10750K [0x000000076ab00000, 0x000000077c000000, 0x00000007c0000000)
  eden space 131072K, 0% used [0x000000076ab00000,0x000000076ab00000,0x0000000772b00000)
  from space 10752K, 99% used [0x0000000772b00000,0x000000077357f930,0x0000000773580000)
  to   space 10752K, 0% used [0x000000077b580000,0x000000077b580000,0x000000077c000000)
 ParOldGen       total 175104K, used 108017K [0x00000006c0000000, 0x00000006cab00000, 0x000000076ab00000)
  object space 175104K, 61% used [0x00000006c0000000,0x00000006c697c620,0x00000006cab00000)
 Metaspace       used 14671K, capacity 14814K, committed 15104K, reserved 1062912K
  class space    used 1621K, capacity 1691K, committed 1792K, reserved 1048576K
}
Event: 4.197 GC heap before
{Heap before GC invocations=4 (full 1):
 PSYoungGen      total 141824K, used 10750K [0x000000076ab00000, 0x000000077c000000, 0x00000007c0000000)
  eden space 131072K, 0% used [0x000000076ab00000,0x000000076ab00000,0x0000000772b00000)
  from space 10752K, 99% used [0x0000000772b00000,0x000000077357f930,0x0000000773580000)
  to   space 10752K, 0% used [0x000000077b580000,0x000000077b580000,0x000000077c000000)
 ParOldGen       total 175104K, used 108017K [0x00000006c0000000, 0x00000006cab00000, 0x000000076ab00000)
  object space 175104K, 61% used [0x00000006c0000000,0x00000006c697c620,0x00000006cab00000)
 Metaspace       used 14671K, capacity 14814K, committed 15104K, reserved 1062912K
  class space    used 1621K, capacity 1691K, committed 1792K, reserved 1048576K
Event: 4.609 GC heap after
Heap after GC invocations=4 (full 1):
 PSYoungGen      total 141824K, used 0K [0x000000076ab00000, 0x000000077c000000, 0x00000007c0000000)
  eden space 131072K, 0% used [0x000000076ab00000,0x000000076ab00000,0x0000000772b00000)
  from space 10752K, 0% used [0x0000000772b00000,0x0000000772b00000,0x0000000773580000)
  to   space 10752K, 0% used [0x000000077b580000,0x000000077b580000,0x000000077c000000)
 ParOldGen       total 316416K, used 110641K [0x00000006c0000000, 0x00000006d3500000, 0x000000076ab00000)
  object space 316416K, 34% used [0x00000006c0000000,0x00000006c6c0c6c8,0x00000006d3500000)
 Metaspace       used 14671K, capacity 14814K, committed 15104K, reserved 1062912K
  class space    used 1621K, capacity 1691K, committed 1792K, reserved 1048576K
}
Event: 5.027 GC heap before
{Heap before GC invocations=5 (full 1):
 PSYoungGen      total 141824K, used 131072K [0x000000076ab00000, 0x000000077c000000, 0x00000007c0000000)
  eden space 131072K, 100% used [0x000000076ab00000,0x0000000772b00000,0x0000000772b00000)
  from space 10752K, 0% used [0x0000000772b00000,0x0000000772b00000,0x0000000773580000)
  to   space 10752K, 0% used [0x000000077b580000,0x000000077b580000,0x000000077c000000)
 ParOldGen       total 316416K, used 110641K [0x00000006c0000000, 0x00000006d3500000, 0x000000076ab00000)
  object space 316416K, 34% used [0x00000006c0000000,0x00000006c6c0c6c8,0x00000006d3500000)
 Metaspace       used 14671K, capacity 14814K, committed 15104K, reserved 1062912K
  class space    used 1621K, capacity 1691K, committed 1792K, reserved 1048576K
Event: 5.174 GC heap after
Heap after GC invocations=5 (full 1):
 PSYoungGen      total 201216K, used 10752K [0x000000076ab00000, 0x000000077c000000, 0x00000007c0000000)
  eden space 190464K, 0% used [0x000000076ab00000,0x000000076ab00000,0x0000000776500000)
  from space 10752K, 100% used [0x000000077b580000,0x000000077c000000,0x000000077c000000)
  to   space 10752K, 0% used [0x000000077ab00000,0x000000077ab00000,0x000000077b580000)
 ParOldGen       total 316416K, used 231586K [0x00000006c0000000, 0x00000006d3500000, 0x000000076ab00000)
  object space 316416K, 73% used [0x00000006c0000000,0x00000006ce228b98,0x00000006d3500000)
 Metaspace       used 14671K, capacity 14814K, committed 15104K, reserved 1062912K
  class space    used 1621K, capacity 1691K, committed 1792K, reserved 1048576K
}
Event: 5.174 GC heap before
{Heap before GC invocations=6 (full 2):
 PSYoungGen      total 201216K, used 10752K [0x000000076ab00000, 0x000000077c000000, 0x00000007c0000000)
  eden space 190464K, 0% used [0x000000076ab00000,0x000000076ab00000,0x0000000776500000)
  from space 10752K, 100% used [0x000000077b580000,0x000000077c000000,0x000000077c000000)
  to   space 10752K, 0% used [0x000000077ab00000,0x000000077ab00000,0x000000077b580000)
 ParOldGen       total 316416K, used 231586K [0x00000006c0000000, 0x00000006d3500000, 0x000000076ab00000)
  object space 316416K, 73% used [0x00000006c0000000,0x00000006ce228b98,0x00000006d3500000)
 Metaspace       used 14671K, capacity 14814K, committed 15104K, reserved 1062912K
  class space    used 1621K, capacity 1691K, committed 1792K, reserved 1048576K
Event: 5.971 GC heap after
Heap after GC invocations=6 (full 2):
 PSYoungGen      total 201216K, used 0K [0x000000076ab00000, 0x000000077c000000, 0x00000007c0000000)
  eden space 190464K, 0% used [0x000000076ab00000,0x000000076ab00000,0x0000000776500000)
  from space 10752K, 0% used [0x000000077b580000,0x000000077b580000,0x000000077c000000)
  to   space 10752K, 0% used [0x000000077ab00000,0x000000077ab00000,0x000000077b580000)
 ParOldGen       total 573952K, used 224672K [0x00000006c0000000, 0x00000006e3080000, 0x000000076ab00000)
  object space 573952K, 39% used [0x00000006c0000000,0x00000006cdb68318,0x00000006e3080000)
 Metaspace       used 14671K, capacity 14814K, committed 15104K, reserved 1062912K
  class space    used 1621K, capacity 1691K, committed 1792K, reserved 1048576K
}
Event: 7.250 GC heap before
{Heap before GC invocations=7 (full 2):
 PSYoungGen      total 201216K, used 190464K [0x000000076ab00000, 0x000000077c000000, 0x00000007c0000000)
  eden space 190464K, 100% used [0x000000076ab00000,0x0000000776500000,0x0000000776500000)
  from space 10752K, 0% used [0x000000077b580000,0x000000077b580000,0x000000077c000000)
  to   space 10752K, 0% used [0x000000077ab00000,0x000000077ab00000,0x000000077b580000)
 ParOldGen       total 573952K, used 224672K [0x00000006c0000000, 0x00000006e3080000, 0x000000076ab00000)
  object space 573952K, 39% used [0x00000006c0000000,0x00000006cdb68318,0x00000006e3080000)
 Metaspace       used 14762K, capacity 14884K, committed 15104K, reserved 1062912K
  class space    used 1629K, capacity 1692K, committed 1792K, reserved 1048576K
Event: 7.383 GC heap after
Heap after GC invocations=7 (full 2):
 PSYoungGen      total 233984K, used 10720K [0x000000076ab00000, 0x000000078b200000, 0x00000007c0000000)
  eden space 223232K, 0% used [0x000000076ab00000,0x000000076ab00000,0x0000000778500000)
  from space 10752K, 99% used [0x000000077ab00000,0x000000077b578010,0x000000077b580000)
  to   space 154112K, 0% used [0x0000000781b80000,0x0000000781b80000,0x000000078b200000)
 ParOldGen       total 573952K, used 298278K [0x00000006c0000000, 0x00000006e3080000, 0x000000076ab00000)
  object space 573952K, 51% used [0x00000006c0000000,0x00000006d2349978,0x00000006e3080000)
 Metaspace       used 14762K, capacity 14884K, committed 15104K, reserved 1062912K
  class space    used 1629K, capacity 1692K, committed 1792K, reserved 1048576K
}

