# JRE version: Java(TM) SE Runtime Environment (8.0_102-b14) (build 1.8.0_102-b14)
# Java VM: Java HotSpot(TM) 64-Bit Server VM (25.102-b14 mixed mode bsd-amd64 compressed oops)
Heap:
 PSYoungGen      total 236544K, used 159935K [0x000000076ab00000, 0x000000078b580000, 0x00000007c0000000)
  eden space 225792K, 66% used [0x000000076ab00000,0x0000000773cb7c10,0x0000000778780000)
  from space 10752K, 99% used [0x000000077ab00000,0x000000077b578010,0x000000077b580000)
  to   space 154624K, 0% used [0x0000000781e80000,0x0000000781e80000,0x000000078b580000)
 ParOldGen       total 576512K, used 298600K [0x00000006c0000000, 0x00000006e3300000, 0x000000076ab00000)
  object space 576512K, 51% used [0x00000006c0000000,0x00000006d239a288,0x00000006e3300000)
 Metaspace       used 15434K, capacity 15624K, committed 15872K, reserved 1062912K
  class space    used 1718K, capacity 1762K, committed 1792K, reserved 1048576K
GC Heap History (10 events):
Event: 3.872 GC heap before
{Heap before GC invocations=3 (full 0):
 PSYoungGen      total 141824K, used 141803K [0x000000076ab00000, 0x0000000774000000, 0x00000007c0000000)
  eden space 131072K, 100% used [0x000000076ab00000,0x0000000772b00000,0x0000000772b00000)
  from space 10752K, 99% used [0x0000000773580000,0x0000000773ffad80,0x0000000774000000)
  to   space 10752K, 0% used [0x0000000772b00000,0x0000000772b00000,0x0000000773580000)
 ParOldGen       total 175104K, used 10775K [0x00000006c0000000, 0x00000006cab00000, 0x000000076ab00000)
  object space 175104K, 6% used [0x00000006c0000000,0x00000006c0a85f70,0x00000006cab00000)
 Metaspace       used 14691K, capacity 14814K, committed 15104K, reserved 1062912K
  class space    used 1621K, capacity 1691K, committed 1792K, reserved 1048576K
Event: 3.977 GC heap after
Heap after GC invocations=3 (full 0):
 PSYoungGen      total 141824K, used 10741K [0x000000076ab00000, 0x000000077c000000, 0x00000007c0000000)
  eden space 131072K, 0% used [0x000000076ab00000,0x000000076ab00000,0x0000000772b00000)
  from space 10752K, 99% used [0x0000000772b00000,0x000000077357d758,0x0000000773580000)
  to   space 10752K, 0% used [0x000000077b580000,0x000000077b580000,0x000000077c000000)
 ParOldGen       total 175104K, used 107014K [0x00000006c0000000, 0x00000006cab00000, 0x000000076ab00000)
  object space 175104K, 61% used [0x00000006c0000000,0x00000006c6881bb8,0x00000006cab00000)
 Metaspace       used 14691K, capacity 14814K, committed 15104K, reserved 1062912K
  class space    used 1621K, capacity 1691K, committed 1792K, reserved 1048576K
}
Event: 3.977 GC heap before
{Heap before GC invocations=4 (full 1):
 PSYoungGen      total 141824K, used 10741K [0x000000076ab00000, 0x000000077c000000, 0x00000007c0000000)
  eden space 131072K, 0% used [0x000000076ab00000,0x000000076ab00000,0x0000000772b00000)
  from space 10752K, 99% used [0x0000000772b00000,0x000000077357d758,0x0000000773580000)
  to   space 10752K, 0% used [0x000000077b580000,0x000000077b580000,0x000000077c000000)
 ParOldGen       total 175104K, used 107014K [0x00000006c0000000, 0x00000006cab00000, 0x000000076ab00000)
  object space 175104K, 61% used [0x00000006c0000000,0x00000006c6881bb8,0x00000006cab00000)
 Metaspace       used 14691K, capacity 14814K, committed 15104K, reserved 1062912K
  class space    used 1621K, capacity 1691K, committed 1792K, reserved 1048576K
Event: 4.363 GC heap after
Heap after GC invocations=4 (full 1):
 PSYoungGen      total 141824K, used 0K [0x000000076ab00000, 0x000000077c000000, 0x00000007c0000000)
  eden space 131072K, 0% used [0x000000076ab00000,0x000000076ab00000,0x0000000772b00000)
  from space 10752K, 0% used [0x0000000772b00000,0x0000000772b00000,0x0000000773580000)
  to   space 10752K, 0% used [0x000000077b580000,0x000000077b580000,0x000000077c000000)
 ParOldGen       total 315904K, used 109625K [0x00000006c0000000, 0x00000006d3480000, 0x000000076ab00000)
  object space 315904K, 34% used [0x00000006c0000000,0x00000006c6b0e490,0x00000006d3480000)
 Metaspace       used 14691K, capacity 14814K, committed 15104K, reserved 1062912K
  class space    used 1621K, capacity 1691K, committed 1792K, reserved 1048576K
}
Event: 4.515 GC heap before
{Heap before GC invocations=5 (full 1):
 PSYoungGen      total 141824K, used 131072K [0x000000076ab00000, 0x000000077c000000, 0x00000007c0000000)
  eden space 131072K, 100% used [0x000000076ab00000,0x0000000772b00000,0x0000000772b00000)
  from space 10752K, 0% used [0x0000000772b00000,0x0000000772b00000,0x0000000773580000)
  to   space 10752K, 0% used [0x000000077b580000,0x000000077b580000,0x000000077c000000)
 ParOldGen       total 315904K, used 109625K [0x00000006c0000000, 0x00000006d3480000, 0x000000076ab00000)
  object space 315904K, 34% used [0x00000006c0000000,0x00000006c6b0e490,0x00000006d3480000)
 Metaspace       used 14691K, capacity 14814K, committed 15104K, reserved 1062912K
  class space    used 1621K, capacity 1691K, committed 1792K, reserved 1048576K
Event: 4.647 GC heap after
Heap after GC invocations=5 (full 1):
 PSYoungGen      total 204800K, used 10752K [0x000000076ab00000, 0x000000077c000000, 0x00000007c0000000)
  eden space 194048K, 0% used [0x000000076ab00000,0x000000076ab00000,0x0000000776880000)
  from space 10752K, 100% used [0x000000077b580000,0x000000077c000000,0x000000077c000000)
  to   space 10752K, 0% used [0x000000077ab00000,0x000000077ab00000,0x000000077b580000)
 ParOldGen       total 315904K, used 230530K [0x00000006c0000000, 0x00000006d3480000, 0x000000076ab00000)
  object space 315904K, 72% used [0x00000006c0000000,0x00000006ce120880,0x00000006d3480000)
 Metaspace       used 14691K, capacity 14814K, committed 15104K, reserved 1062912K
  class space    used 1621K, capacity 1691K, committed 1792K, reserved 1048576K
}
Event: 4.647 GC heap before
{Heap before GC invocations=6 (full 2):
 PSYoungGen      total 204800K, used 10752K [0x000000076ab00000, 0x000000077c000000, 0x00000007c0000000)
  eden space 194048K, 0% used [0x000000076ab00000,0x000000076ab00000,0x0000000776880000)
  from space 10752K, 100% used [0x000000077b580000,0x000000077c000000,0x000000077c000000)
  to   space 10752K, 0% used [0x000000077ab00000,0x000000077ab00000,0x000000077b580000)
 ParOldGen       total 315904K, used 230530K [0x00000006c0000000, 0x00000006d3480000, 0x000000076ab00000)
  object space 315904K, 72% used [0x00000006c0000000,0x00000006ce120880,0x00000006d3480000)
 Metaspace       used 14691K, capacity 14814K, committed 15104K, reserved 1062912K
  class space    used 1621K, capacity 1691K, committed 1792K, reserved 1048576K
Event: 5.364 GC heap after
Heap after GC invocations=6 (full 2):
 PSYoungGen      total 204800K, used 0K [0x000000076ab00000, 0x000000077c000000, 0x00000007c0000000)
  eden space 194048K, 0% used [0x000000076ab00000,0x000000076ab00000,0x0000000776880000)
  from space 10752K, 0% used [0x000000077b580000,0x000000077b580000,0x000000077c000000)
  to   space 10752K, 0% used [0x000000077ab00000,0x000000077ab00000,0x000000077b580000)
 ParOldGen       total 576512K, used 224414K [0x00000006c0000000, 0x00000006e3300000, 0x000000076ab00000)
  object space 576512K, 38% used [0x00000006c0000000,0x00000006cdb27ad8,0x00000006e3300000)
 Metaspace       used 14691K, capacity 14814K, committed 15104K, reserved 1062912K
  class space    used 1621K, capacity 1691K, committed 1792K, reserved 1048576K
}
Event: 6.511 GC heap before
{Heap before GC invocations=7 (full 2):
 PSYoungGen      total 204800K, used 194048K [0x000000076ab00000, 0x000000077c000000, 0x00000007c0000000)
  eden space 194048K, 100% used [0x000000076ab00000,0x0000000776880000,0x0000000776880000)
  from space 10752K, 0% used [0x000000077b580000,0x000000077b580000,0x000000077c000000)
  to   space 10752K, 0% used [0x000000077ab00000,0x000000077ab00000,0x000000077b580000)
 ParOldGen       total 576512K, used 224414K [0x00000006c0000000, 0x00000006e3300000, 0x000000076ab00000)
  object space 576512K, 38% used [0x00000006c0000000,0x00000006cdb27ad8,0x00000006e3300000)
 Metaspace       used 14800K, capacity 15012K, committed 15360K, reserved 1062912K
  class space    used 1637K, capacity 1692K, committed 1792K, reserved 1048576K
Event: 6.648 GC heap after
Heap after GC invocations=7 (full 2):
 PSYoungGen      total 236544K, used 10720K [0x000000076ab00000, 0x000000078b580000, 0x00000007c0000000)
  eden space 225792K, 0% used [0x000000076ab00000,0x000000076ab00000,0x0000000778780000)
  from space 10752K, 99% used [0x000000077ab00000,0x000000077b578010,0x000000077b580000)
  to   space 154624K, 0% used [0x0000000781e80000,0x0000000781e80000,0x000000078b580000)
 ParOldGen       total 576512K, used 298600K [0x00000006c0000000, 0x00000006e3300000, 0x000000076ab00000)
  object space 576512K, 51% used [0x00000006c0000000,0x00000006d239a288,0x00000006e3300000)
 Metaspace       used 14800K, capacity 15012K, committed 15360K, reserved 1062912K
  class space    used 1637K, capacity 1692K, committed 1792K, reserved 1048576K
}

