# JRE version: Java(TM) SE Runtime Environment (8.0_102-b14) (build 1.8.0_102-b14)
# Java VM: Java HotSpot(TM) 64-Bit Server VM (25.102-b14 mixed mode bsd-amd64 compressed oops)
Heap:
 PSYoungGen      total 473088K, used 387908K [0x000000076ab00000, 0x000000079e380000, 0x00000007c0000000)
  eden space 243200K, 65% used [0x000000076ab00000,0x000000077478b290,0x0000000779880000)
  from space 229888K, 99% used [0x000000078a100000,0x0000000797f45ee0,0x0000000798180000)
  to   space 270848K, 0% used [0x0000000779880000,0x0000000779880000,0x000000078a100000)
 ParOldGen       total 586240K, used 421082K [0x00000006c0000000, 0x00000006e3c80000, 0x000000076ab00000)
  object space 586240K, 71% used [0x00000006c0000000,0x00000006d9b36880,0x00000006e3c80000)
 Metaspace       used 16269K, capacity 16474K, committed 16768K, reserved 1064960K
  class space    used 1808K, capacity 1893K, committed 1920K, reserved 1048576K
GC Heap History (10 events):
Event: 4.884 GC heap before
{Heap before GC invocations=6 (full 2):
 PSYoungGen      total 187904K, used 10752K [0x000000076ab00000, 0x000000077c000000, 0x00000007c0000000)
  eden space 177152K, 0% used [0x000000076ab00000,0x000000076ab00000,0x0000000775800000)
  from space 10752K, 100% used [0x000000077b580000,0x000000077c000000,0x000000077c000000)
  to   space 10752K, 0% used [0x000000077ab00000,0x000000077ab00000,0x000000077b580000)
 ParOldGen       total 318976K, used 231796K [0x00000006c0000000, 0x00000006d3780000, 0x000000076ab00000)
  object space 318976K, 72% used [0x00000006c0000000,0x00000006ce25d078,0x00000006d3780000)
 Metaspace       used 14689K, capacity 14814K, committed 15104K, reserved 1062912K
  class space    used 1620K, capacity 1691K, committed 1792K, reserved 1048576K
Event: 5.653 GC heap after
Heap after GC invocations=6 (full 2):
 PSYoungGen      total 187904K, used 0K [0x000000076ab00000, 0x000000077c000000, 0x00000007c0000000)
  eden space 177152K, 0% used [0x000000076ab00000,0x000000076ab00000,0x0000000775800000)
  from space 10752K, 0% used [0x000000077b580000,0x000000077b580000,0x000000077c000000)
  to   space 10752K, 0% used [0x000000077ab00000,0x000000077ab00000,0x000000077b580000)
 ParOldGen       total 586240K, used 224080K [0x00000006c0000000, 0x00000006e3c80000, 0x000000076ab00000)
  object space 586240K, 38% used [0x00000006c0000000,0x00000006cdad4388,0x00000006e3c80000)
 Metaspace       used 14689K, capacity 14814K, committed 15104K, reserved 1062912K
  class space    used 1620K, capacity 1691K, committed 1792K, reserved 1048576K
}
Event: 6.275 GC heap before
{Heap before GC invocations=7 (full 2):
 PSYoungGen      total 187904K, used 177152K [0x000000076ab00000, 0x000000077c000000, 0x00000007c0000000)
  eden space 177152K, 100% used [0x000000076ab00000,0x0000000775800000,0x0000000775800000)
  from space 10752K, 0% used [0x000000077b580000,0x000000077b580000,0x000000077c000000)
  to   space 10752K, 0% used [0x000000077ab00000,0x000000077ab00000,0x000000077b580000)
 ParOldGen       total 586240K, used 224080K [0x00000006c0000000, 0x00000006e3c80000, 0x000000076ab00000)
  object space 586240K, 38% used [0x00000006c0000000,0x00000006cdad4388,0x00000006e3c80000)
 Metaspace       used 14742K, capacity 14884K, committed 15104K, reserved 1062912K
  class space    used 1623K, capacity 1692K, committed 1792K, reserved 1048576K
Event: 6.392 GC heap after
Heap after GC invocations=7 (full 2):
 PSYoungGen      total 216576K, used 10720K [0x000000076ab00000, 0x000000078a100000, 0x00000007c0000000)
  eden space 205824K, 0% used [0x000000076ab00000,0x000000076ab00000,0x0000000777400000)
  from space 10752K, 99% used [0x000000077ab00000,0x000000077b578040,0x000000077b580000)
  to   space 154112K, 0% used [0x0000000780a80000,0x0000000780a80000,0x000000078a100000)
 ParOldGen       total 586240K, used 296409K [0x00000006c0000000, 0x00000006e3c80000, 0x000000076ab00000)
  object space 586240K, 50% used [0x00000006c0000000,0x00000006d2176580,0x00000006e3c80000)
 Metaspace       used 14742K, capacity 14884K, committed 15104K, reserved 1062912K
  class space    used 1623K, capacity 1692K, committed 1792K, reserved 1048576K
}
Event: 7.589 GC heap before
{Heap before GC invocations=8 (full 2):
 PSYoungGen      total 216576K, used 216544K [0x000000076ab00000, 0x000000078a100000, 0x00000007c0000000)
  eden space 205824K, 100% used [0x000000076ab00000,0x0000000777400000,0x0000000777400000)
  from space 10752K, 99% used [0x000000077ab00000,0x000000077b578040,0x000000077b580000)
  to   space 154112K, 0% used [0x0000000780a80000,0x0000000780a80000,0x000000078a100000)
 ParOldGen       total 586240K, used 296409K [0x00000006c0000000, 0x00000006e3c80000, 0x000000076ab00000)
  object space 586240K, 50% used [0x00000006c0000000,0x00000006d2176580,0x00000006e3c80000)
 Metaspace       used 15267K, capacity 15406K, committed 15616K, reserved 1062912K
  class space    used 1686K, capacity 1731K, committed 1792K, reserved 1048576K
Event: 7.673 GC heap after
Heap after GC invocations=8 (full 2):
 PSYoungGen      total 372224K, used 66899K [0x000000076ab00000, 0x000000078a980000, 0x00000007c0000000)
  eden space 218112K, 0% used [0x000000076ab00000,0x000000076ab00000,0x0000000778000000)
  from space 154112K, 43% used [0x0000000780a80000,0x0000000784bd4c30,0x000000078a100000)
  to   space 141824K, 0% used [0x0000000778000000,0x0000000778000000,0x0000000780a80000)
 ParOldGen       total 586240K, used 296409K [0x00000006c0000000, 0x00000006e3c80000, 0x000000076ab00000)
  object space 586240K, 50% used [0x00000006c0000000,0x00000006d2176580,0x00000006e3c80000)
 Metaspace       used 15267K, capacity 15406K, committed 15616K, reserved 1062912K
  class space    used 1686K, capacity 1731K, committed 1792K, reserved 1048576K
}
Event: 8.092 GC heap before
{Heap before GC invocations=9 (full 2):
 PSYoungGen      total 372224K, used 285011K [0x000000076ab00000, 0x000000078a980000, 0x00000007c0000000)
  eden space 218112K, 100% used [0x000000076ab00000,0x0000000778000000,0x0000000778000000)
  from space 154112K, 43% used [0x0000000780a80000,0x0000000784bd4c30,0x000000078a100000)
  to   space 141824K, 0% used [0x0000000778000000,0x0000000778000000,0x0000000780a80000)
 ParOldGen       total 586240K, used 296409K [0x00000006c0000000, 0x00000006e3c80000, 0x000000076ab00000)
  object space 586240K, 50% used [0x00000006c0000000,0x00000006d2176580,0x00000006e3c80000)
 Metaspace       used 15267K, capacity 15406K, committed 15616K, reserved 1062912K
  class space    used 1686K, capacity 1731K, committed 1792K, reserved 1048576K
Event: 8.364 GC heap after
Heap after GC invocations=9 (full 2):
 PSYoungGen      total 359936K, used 141815K [0x000000076ab00000, 0x0000000798180000, 0x00000007c0000000)
  eden space 218112K, 0% used [0x000000076ab00000,0x000000076ab00000,0x0000000778000000)
  from space 141824K, 99% used [0x0000000778000000,0x0000000780a7dde0,0x0000000780a80000)
  to   space 229888K, 0% used [0x000000078a100000,0x000000078a100000,0x0000000798180000)
 ParOldGen       total 586240K, used 421082K [0x00000006c0000000, 0x00000006e3c80000, 0x000000076ab00000)
  object space 586240K, 71% used [0x00000006c0000000,0x00000006d9b36880,0x00000006e3c80000)
 Metaspace       used 15267K, capacity 15406K, committed 15616K, reserved 1062912K
  class space    used 1686K, capacity 1731K, committed 1792K, reserved 1048576K
}
Event: 8.764 GC heap before
{Heap before GC invocations=10 (full 2):
 PSYoungGen      total 359936K, used 359927K [0x000000076ab00000, 0x0000000798180000, 0x00000007c0000000)
  eden space 218112K, 100% used [0x000000076ab00000,0x0000000778000000,0x0000000778000000)
  from space 141824K, 99% used [0x0000000778000000,0x0000000780a7dde0,0x0000000780a80000)
  to   space 229888K, 0% used [0x000000078a100000,0x000000078a100000,0x0000000798180000)
 ParOldGen       total 586240K, used 421082K [0x00000006c0000000, 0x00000006e3c80000, 0x000000076ab00000)
  object space 586240K, 71% used [0x00000006c0000000,0x00000006d9b36880,0x00000006e3c80000)
 Metaspace       used 15267K, capacity 15406K, committed 15616K, reserved 1062912K
  class space    used 1686K, capacity 1731K, committed 1792K, reserved 1048576K
Event: 9.049 GC heap after
Heap after GC invocations=10 (full 2):
 PSYoungGen      total 473088K, used 227607K [0x000000076ab00000, 0x000000079e380000, 0x00000007c0000000)
  eden space 243200K, 0% used [0x000000076ab00000,0x000000076ab00000,0x0000000779880000)
  from space 229888K, 99% used [0x000000078a100000,0x0000000797f45ee0,0x0000000798180000)
  to   space 270848K, 0% used [0x0000000779880000,0x0000000779880000,0x000000078a100000)
 ParOldGen       total 586240K, used 421082K [0x00000006c0000000, 0x00000006e3c80000, 0x000000076ab00000)
  object space 586240K, 71% used [0x00000006c0000000,0x00000006d9b36880,0x00000006e3c80000)
 Metaspace       used 15267K, capacity 15406K, committed 15616K, reserved 1062912K
  class space    used 1686K, capacity 1731K, committed 1792K, reserved 1048576K
}

