# JRE version: Java(TM) SE Runtime Environment (8.0_102-b14) (build 1.8.0_102-b14)
# Java VM: Java HotSpot(TM) 64-Bit Server VM (25.102-b14 mixed mode bsd-amd64 compressed oops)
Heap:
 PSYoungGen      total 476672K, used 229807K [0x000000076ab00000, 0x0000000796a80000, 0x00000007c0000000)
  eden space 278016K, 52% used [0x000000076ab00000,0x00000007739b3f20,0x000000077ba80000)
  from space 198656K, 42% used [0x000000078a880000,0x000000078fa380c0,0x0000000796a80000)
  to   space 221184K, 0% used [0x000000077ba80000,0x000000077ba80000,0x0000000789280000)
 ParOldGen       total 897536K, used 425253K [0x00000006c0000000, 0x00000006f6c80000, 0x000000076ab00000)
  object space 897536K, 47% used [0x00000006c0000000,0x00000006d9f49798,0x00000006f6c80000)
 Metaspace       used 16286K, capacity 16474K, committed 16768K, reserved 1064960K
  class space    used 1808K, capacity 1893K, committed 1920K, reserved 1048576K
GC Heap History (10 events):
Event: 6.385 GC heap before
{Heap before GC invocations=7 (full 2):
 PSYoungGen      total 192512K, used 181760K [0x000000076ab00000, 0x000000077c000000, 0x00000007c0000000)
  eden space 181760K, 100% used [0x000000076ab00000,0x0000000775c80000,0x0000000775c80000)
  from space 10752K, 0% used [0x000000077b580000,0x000000077b580000,0x000000077c000000)
  to   space 10752K, 0% used [0x000000077ab00000,0x000000077ab00000,0x000000077b580000)
 ParOldGen       total 584192K, used 224125K [0x00000006c0000000, 0x00000006e3a80000, 0x000000076ab00000)
  object space 584192K, 38% used [0x00000006c0000000,0x00000006cdadf770,0x00000006e3a80000)
 Metaspace       used 14754K, capacity 14948K, committed 15360K, reserved 1062912K
  class space    used 1623K, capacity 1692K, committed 1792K, reserved 1048576K
Event: 6.502 GC heap after
Heap after GC invocations=7 (full 2):
 PSYoungGen      total 221184K, used 10720K [0x000000076ab00000, 0x000000078a480000, 0x00000007c0000000)
  eden space 210432K, 0% used [0x000000076ab00000,0x000000076ab00000,0x0000000777880000)
  from space 10752K, 99% used [0x000000077ab00000,0x000000077b578030,0x000000077b580000)
  to   space 153600K, 0% used [0x0000000780e80000,0x0000000780e80000,0x000000078a480000)
 ParOldGen       total 584192K, used 297294K [0x00000006c0000000, 0x00000006e3a80000, 0x000000076ab00000)
  object space 584192K, 50% used [0x00000006c0000000,0x00000006d2253978,0x00000006e3a80000)
 Metaspace       used 14754K, capacity 14948K, committed 15360K, reserved 1062912K
  class space    used 1623K, capacity 1692K, committed 1792K, reserved 1048576K
}
Event: 7.454 GC heap before
{Heap before GC invocations=8 (full 2):
 PSYoungGen      total 221184K, used 221152K [0x000000076ab00000, 0x000000078a480000, 0x00000007c0000000)
  eden space 210432K, 100% used [0x000000076ab00000,0x0000000777880000,0x0000000777880000)
  from space 10752K, 99% used [0x000000077ab00000,0x000000077b578030,0x000000077b580000)
  to   space 153600K, 0% used [0x0000000780e80000,0x0000000780e80000,0x000000078a480000)
 ParOldGen       total 584192K, used 297294K [0x00000006c0000000, 0x00000006e3a80000, 0x000000076ab00000)
  object space 584192K, 50% used [0x00000006c0000000,0x00000006d2253978,0x00000006e3a80000)
 Metaspace       used 15283K, capacity 15406K, committed 15616K, reserved 1062912K
  class space    used 1686K, capacity 1731K, committed 1792K, reserved 1048576K
Event: 7.553 GC heap after
Heap after GC invocations=8 (full 2):
 PSYoungGen      total 375808K, used 72787K [0x000000076ab00000, 0x000000078af80000, 0x00000007c0000000)
  eden space 222208K, 0% used [0x000000076ab00000,0x000000076ab00000,0x0000000778400000)
  from space 153600K, 47% used [0x0000000780e80000,0x0000000785594c20,0x000000078a480000)
  to   space 141824K, 0% used [0x0000000778400000,0x0000000778400000,0x0000000780e80000)
 ParOldGen       total 584192K, used 297302K [0x00000006c0000000, 0x00000006e3a80000, 0x000000076ab00000)
  object space 584192K, 50% used [0x00000006c0000000,0x00000006d2255978,0x00000006e3a80000)
 Metaspace       used 15283K, capacity 15406K, committed 15616K, reserved 1062912K
  class space    used 1686K, capacity 1731K, committed 1792K, reserved 1048576K
}
Event: 7.943 GC heap before
{Heap before GC invocations=9 (full 2):
 PSYoungGen      total 375808K, used 294995K [0x000000076ab00000, 0x000000078af80000, 0x00000007c0000000)
  eden space 222208K, 100% used [0x000000076ab00000,0x0000000778400000,0x0000000778400000)
  from space 153600K, 47% used [0x0000000780e80000,0x0000000785594c20,0x000000078a480000)
  to   space 141824K, 0% used [0x0000000778400000,0x0000000778400000,0x0000000780e80000)
 ParOldGen       total 584192K, used 297302K [0x00000006c0000000, 0x00000006e3a80000, 0x000000076ab00000)
  object space 584192K, 50% used [0x00000006c0000000,0x00000006d2255978,0x00000006e3a80000)
 Metaspace       used 15283K, capacity 15406K, committed 15616K, reserved 1062912K
  class space    used 1686K, capacity 1731K, committed 1792K, reserved 1048576K
Event: 8.228 GC heap after
Heap after GC invocations=9 (full 2):
 PSYoungGen      total 364032K, used 141823K [0x000000076ab00000, 0x0000000798d00000, 0x00000007c0000000)
  eden space 222208K, 0% used [0x000000076ab00000,0x000000076ab00000,0x0000000778400000)
  from space 141824K, 99% used [0x0000000778400000,0x0000000780e7fdd8,0x0000000780e80000)
  to   space 233984K, 0% used [0x000000078a880000,0x000000078a880000,0x0000000798d00000)
 ParOldGen       total 584192K, used 430390K [0x00000006c0000000, 0x00000006e3a80000, 0x000000076ab00000)
  object space 584192K, 73% used [0x00000006c0000000,0x00000006da44dad8,0x00000006e3a80000)
 Metaspace       used 15283K, capacity 15406K, committed 15616K, reserved 1062912K
  class space    used 1686K, capacity 1731K, committed 1792K, reserved 1048576K
}
Event: 8.228 GC heap before
{Heap before GC invocations=10 (full 3):
 PSYoungGen      total 364032K, used 141823K [0x000000076ab00000, 0x0000000798d00000, 0x00000007c0000000)
  eden space 222208K, 0% used [0x000000076ab00000,0x000000076ab00000,0x0000000778400000)
  from space 141824K, 99% used [0x0000000778400000,0x0000000780e7fdd8,0x0000000780e80000)
  to   space 233984K, 0% used [0x000000078a880000,0x000000078a880000,0x0000000798d00000)
 ParOldGen       total 584192K, used 430390K [0x00000006c0000000, 0x00000006e3a80000, 0x000000076ab00000)
  object space 584192K, 73% used [0x00000006c0000000,0x00000006da44dad8,0x00000006e3a80000)
 Metaspace       used 15283K, capacity 15406K, committed 15616K, reserved 1062912K
  class space    used 1686K, capacity 1731K, committed 1792K, reserved 1048576K
Event: 10.204 GC heap after
Heap after GC invocations=10 (full 3):
 PSYoungGen      total 364032K, used 0K [0x000000076ab00000, 0x0000000798d00000, 0x00000007c0000000)
  eden space 222208K, 0% used [0x000000076ab00000,0x000000076ab00000,0x0000000778400000)
  from space 141824K, 0% used [0x0000000778400000,0x0000000778400000,0x0000000780e80000)
  to   space 233984K, 0% used [0x000000078a880000,0x000000078a880000,0x0000000798d00000)
 ParOldGen       total 897536K, used 425253K [0x00000006c0000000, 0x00000006f6c80000, 0x000000076ab00000)
  object space 897536K, 47% used [0x00000006c0000000,0x00000006d9f49798,0x00000006f6c80000)
 Metaspace       used 15283K, capacity 15406K, committed 15616K, reserved 1062912K
  class space    used 1686K, capacity 1731K, committed 1792K, reserved 1048576K
}
Event: 10.589 GC heap before
{Heap before GC invocations=11 (full 3):
 PSYoungGen      total 364032K, used 222208K [0x000000076ab00000, 0x0000000798d00000, 0x00000007c0000000)
  eden space 222208K, 100% used [0x000000076ab00000,0x0000000778400000,0x0000000778400000)
  from space 141824K, 0% used [0x0000000778400000,0x0000000778400000,0x0000000780e80000)
  to   space 233984K, 0% used [0x000000078a880000,0x000000078a880000,0x0000000798d00000)
 ParOldGen       total 897536K, used 425253K [0x00000006c0000000, 0x00000006f6c80000, 0x000000076ab00000)
  object space 897536K, 47% used [0x00000006c0000000,0x00000006d9f49798,0x00000006f6c80000)
 Metaspace       used 15283K, capacity 15406K, committed 15616K, reserved 1062912K
  class space    used 1686K, capacity 1731K, committed 1792K, reserved 1048576K
Event: 10.718 GC heap after
Heap after GC invocations=11 (full 3):
 PSYoungGen      total 476672K, used 83680K [0x000000076ab00000, 0x0000000796a80000, 0x00000007c0000000)
  eden space 278016K, 0% used [0x000000076ab00000,0x000000076ab00000,0x000000077ba80000)
  from space 198656K, 42% used [0x000000078a880000,0x000000078fa380c0,0x0000000796a80000)
  to   space 221184K, 0% used [0x000000077ba80000,0x000000077ba80000,0x0000000789280000)
 ParOldGen       total 897536K, used 425253K [0x00000006c0000000, 0x00000006f6c80000, 0x000000076ab00000)
  object space 897536K, 47% used [0x00000006c0000000,0x00000006d9f49798,0x00000006f6c80000)
 Metaspace       used 15283K, capacity 15406K, committed 15616K, reserved 1062912K
  class space    used 1686K, capacity 1731K, committed 1792K, reserved 1048576K
}

